+ echo 'Beginning trial 1 of 5'
Beginning trial 1 of 5
+ docker exec -it image_classification python -c '
import mlperf_log_utils
from mlperf_logging.mllog import constants

mlperf_log_utils.mlperf_submission_log(constants.RESNET)'
:::MLLOG {"namespace": "", "time_ms": 1652276256207, "event_type": "POINT_IN_TIME", "key": "submission_benchmark", "value": "resnet", "metadata": {"file": "/workspace/image_classification/mlperf_log_utils.py", "lineno": 70}}
:::MLLOG {"namespace": "", "time_ms": 1652276256216, "event_type": "POINT_IN_TIME", "key": "submission_org", "value": "NVIDIA", "metadata": {"file": "/workspace/image_classification/mlperf_log_utils.py", "lineno": 75}}
:::MLLOG {"namespace": "", "time_ms": 1652276256216, "event_type": "POINT_IN_TIME", "key": "submission_division", "value": "closed", "metadata": {"file": "/workspace/image_classification/mlperf_log_utils.py", "lineno": 79}}
:::MLLOG {"namespace": "", "time_ms": 1652276256216, "event_type": "POINT_IN_TIME", "key": "submission_status", "value": "onprem", "metadata": {"file": "/workspace/image_classification/mlperf_log_utils.py", "lineno": 83}}
:::MLLOG {"namespace": "", "time_ms": 1652276256216, "event_type": "POINT_IN_TIME", "key": "submission_platform", "value": "1xSUBMISSION_PLATFORM_PLACEHOLDER", "metadata": {"file": "/workspace/image_classification/mlperf_log_utils.py", "lineno": 87}}
+ '[' 1 -eq 1 ']'
+ sync
+ sudo /sbin/sysctl vm.drop_caches=3
vm.drop_caches = 3
+ docker exec -it image_classification python -c '
import mlperf_log_utils
from mlperf_logging.mllog import constants

mlperf_log_utils.mx_resnet_print_event(key=constants.CACHE_CLEAR, val=True)'
:::MLLOG {"namespace": "", "time_ms": 1652276307210, "event_type": "POINT_IN_TIME", "key": "cache_clear", "value": true, "metadata": {"file": "<string>", "lineno": 5}}
+ export SEED=7235
+ SEED=7235
+ docker exec -it --env=BATCHSIZE --env=DALI_CACHE_SIZE --env=DALI_CROP_BUFFER_HINT --env=DALI_DECODER_BUFFER_HINT --env=DALI_DONT_USE_MMAP --env=DALI_HW_DECODER_LOAD --env=DALI_NORMALIZE_BUFFER_HINT --env=DALI_NVJPEG_MEMPADDING --env=DALI_PREALLOCATE_HEIGHT --env=DALI_PREALLOCATE_WIDTH --env=DALI_PREFETCH_QUEUE --env=DALI_THREADS --env=DALI_TMP_BUFFER_HINT --env=DGXHT --env=DGXNGPU --env=DGXNNODES --env=DGXNSOCKET --env=DGXSOCKETCORES --env=DGXSYSTEM --env=EVAL_OFFSET --env=EVAL_PERIOD --env=HOROVOD_CYCLE_TIME --env=HOROVOD_FUSION_THRESHOLD --env=HOROVOD_NUM_NCCL_STREAMS --env=KVSTORE --env=LABELSMOOTHING --env=LARSETA --env=LR --env=LRSCHED --env=MOM --env=MXNET_CUDNN_NHWC_BN_ADD_HEURISTIC_BWD --env=MXNET_CUDNN_NHWC_BN_ADD_HEURISTIC_FWD --env=MXNET_CUDNN_NHWC_BN_HEURISTIC_BWD --env=MXNET_CUDNN_NHWC_BN_HEURISTIC_FWD --env=MXNET_CUDNN_WARN_ON_IGNORED_FLAGS --env=MXNET_ENABLE_CUDA_GRAPHS --env=MXNET_EXEC_BULK_EXEC_MAX_NODE_TRAIN_BWD --env=MXNET_EXEC_BULK_EXEC_MAX_NODE_TRAIN_FWD --env=MXNET_EXTENDED_NORMCONV_SUPPORT --env=MXNET_HOROVOD_NUM_GROUPS --env=MXNET_OPTIMIZER_AGGREGATION_SIZE --env=NETWORK --env=NUMEPOCHS --env=OMPI_MCA_btl --env=OPTIMIZER --env=RUN_NCCL_BW_TEST --env=WALLTIME --env=WARMUP_EPOCHS --env=WD --env=MLPERF_HOST_OS --env=SEED image_classification ./run_and_time.sh
STARTING TIMING RUN AT 2022-05-11 01:38:27 PM
running benchmark
num_gpus=2 num_sockets = 1 num_nodes=1 cores_per_socket=24
num_gpus=2 num_sockets = 1 num_nodes=1 cores_per_socket=24
[1652276309.284542] [chai:152  :0]     ucp_context.c:964  UCX  WARN  network device ':1' is not available, please use one or more of: 'enp0s31f6'(tcp), 'lo'(tcp)
[1652276309.320596] [chai:153  :0]     ucp_context.c:964  UCX  WARN  network device ':1' is not available, please use one or more of: 'enp0s31f6'(tcp), 'lo'(tcp)
:::MLLOG {"namespace": "", "time_ms": 1652276309346, "event_type": "INTERVAL_START", "key": "init_start", "value": null, "metadata": {"file": "train_imagenet.py", "lineno": 120}}
:::MLLOG {"namespace": "", "time_ms": 1652276309346, "event_type": "INTERVAL_START", "key": "init_start", "value": null, "metadata": {"file": "train_imagenet.py", "lineno": 120}}
[13:38:32] ../src/storage/storage.cc:199: Using Pooled (Naive) StorageManager for GPU
[13:38:32] ../src/storage/storage.cc:199: Using Pooled (Naive) StorageManager for GPU
:::MLLOG {"namespace": "", "time_ms": 1652276312177, "event_type": "POINT_IN_TIME", "key": "seed", "value": 7235, "metadata": {"file": "train_imagenet.py", "lineno": 176}}
NCCL version 2.12.10+cuda11.6
:::MLLOG {"namespace": "", "time_ms": 1652276312715, "event_type": "POINT_IN_TIME", "key": "model_bn_span", "value": 16, "metadata": {"file": "/workspace/image_classification/common/dali.py", "lineno": 309}}
[13:38:35] ../src/storage/storage.cc:199: Using Pooled (Naive) StorageManager for CPU
[13:38:35] ../src/storage/storage.cc:199: Using Pooled (Naive) StorageManager for CPU
:::MLLOG {"namespace": "", "time_ms": 1652276315714, "event_type": "POINT_IN_TIME", "key": "weights_initialization", "value": null, "metadata": {"file": "train_imagenet.py", "lineno": 91, "tensor": "bn0_beta"}}
:::MLLOG {"namespace": "", "time_ms": 1652276315715, "event_type": "POINT_IN_TIME", "key": "weights_initialization", "value": null, "metadata": {"file": "train_imagenet.py", "lineno": 86, "tensor": "bn0_gamma"}}
:::MLLOG {"namespace": "", "time_ms": 1652276315715, "event_type": "POINT_IN_TIME", "key": "weights_initialization", "value": null, "metadata": {"file": "train_imagenet.py", "lineno": 76, "tensor": "conv0_weight"}}
:::MLLOG {"namespace": "", "time_ms": 1652276315716, "event_type": "POINT_IN_TIME", "key": "weights_initialization", "value": null, "metadata": {"file": "train_imagenet.py", "lineno": 81, "tensor": "fc1_bias"}}
:::MLLOG {"namespace": "", "time_ms": 1652276315716, "event_type": "POINT_IN_TIME", "key": "weights_initialization", "value": null, "metadata": {"file": "train_imagenet.py", "lineno": 72, "tensor": "fc1_weight"}}
:::MLLOG {"namespace": "", "time_ms": 1652276315717, "event_type": "POINT_IN_TIME", "key": "weights_initialization", "value": null, "metadata": {"file": "train_imagenet.py", "lineno": 91, "tensor": "stage1_unit1_bn1_beta"}}
:::MLLOG {"namespace": "", "time_ms": 1652276315717, "event_type": "POINT_IN_TIME", "key": "weights_initialization", "value": null, "metadata": {"file": "train_imagenet.py", "lineno": 86, "tensor": "stage1_unit1_bn1_gamma"}}
:::MLLOG {"namespace": "", "time_ms": 1652276315718, "event_type": "POINT_IN_TIME", "key": "weights_initialization", "value": null, "metadata": {"file": "train_imagenet.py", "lineno": 91, "tensor": "stage1_unit1_bn2_beta"}}
:::MLLOG {"namespace": "", "time_ms": 1652276315718, "event_type": "POINT_IN_TIME", "key": "weights_initialization", "value": null, "metadata": {"file": "train_imagenet.py", "lineno": 86, "tensor": "stage1_unit1_bn2_gamma"}}
:::MLLOG {"namespace": "", "time_ms": 1652276315718, "event_type": "POINT_IN_TIME", "key": "weights_initialization", "value": null, "metadata": {"file": "train_imagenet.py", "lineno": 91, "tensor": "stage1_unit1_bn3_beta"}}
:::MLLOG {"namespace": "", "time_ms": 1652276315719, "event_type": "POINT_IN_TIME", "key": "weights_initialization", "value": null, "metadata": {"file": "train_imagenet.py", "lineno": 86, "tensor": "stage1_unit1_bn3_gamma"}}
:::MLLOG {"namespace": "", "time_ms": 1652276315719, "event_type": "POINT_IN_TIME", "key": "weights_initialization", "value": null, "metadata": {"file": "train_imagenet.py", "lineno": 91, "tensor": "stage1_unit1_bn_sc_beta"}}
:::MLLOG {"namespace": "", "time_ms": 1652276315720, "event_type": "POINT_IN_TIME", "key": "weights_initialization", "value": null, "metadata": {"file": "train_imagenet.py", "lineno": 86, "tensor": "stage1_unit1_bn_sc_gamma"}}
:::MLLOG {"namespace": "", "time_ms": 1652276315720, "event_type": "POINT_IN_TIME", "key": "weights_initialization", "value": null, "metadata": {"file": "train_imagenet.py", "lineno": 76, "tensor": "stage1_unit1_conv1_weight"}}
:::MLLOG {"namespace": "", "time_ms": 1652276315721, "event_type": "POINT_IN_TIME", "key": "weights_initialization", "value": null, "metadata": {"file": "train_imagenet.py", "lineno": 76, "tensor": "stage1_unit1_conv1sc_weight"}}
:::MLLOG {"namespace": "", "time_ms": 1652276315721, "event_type": "POINT_IN_TIME", "key": "weights_initialization", "value": null, "metadata": {"file": "train_imagenet.py", "lineno": 76, "tensor": "stage1_unit1_conv2_weight"}}
:::MLLOG {"namespace": "", "time_ms": 1652276315722, "event_type": "POINT_IN_TIME", "key": "weights_initialization", "value": null, "metadata": {"file": "train_imagenet.py", "lineno": 76, "tensor": "stage1_unit1_conv3_weight"}}
:::MLLOG {"namespace": "", "time_ms": 1652276315722, "event_type": "POINT_IN_TIME", "key": "weights_initialization", "value": null, "metadata": {"file": "train_imagenet.py", "lineno": 91, "tensor": "stage1_unit2_bn1_beta"}}
:::MLLOG {"namespace": "", "time_ms": 1652276315722, "event_type": "POINT_IN_TIME", "key": "weights_initialization", "value": null, "metadata": {"file": "train_imagenet.py", "lineno": 86, "tensor": "stage1_unit2_bn1_gamma"}}
:::MLLOG {"namespace": "", "time_ms": 1652276315723, "event_type": "POINT_IN_TIME", "key": "weights_initialization", "value": null, "metadata": {"file": "train_imagenet.py", "lineno": 91, "tensor": "stage1_unit2_bn2_beta"}}
:::MLLOG {"namespace": "", "time_ms": 1652276315723, "event_type": "POINT_IN_TIME", "key": "weights_initialization", "value": null, "metadata": {"file": "train_imagenet.py", "lineno": 86, "tensor": "stage1_unit2_bn2_gamma"}}
:::MLLOG {"namespace": "", "time_ms": 1652276315724, "event_type": "POINT_IN_TIME", "key": "weights_initialization", "value": null, "metadata": {"file": "train_imagenet.py", "lineno": 91, "tensor": "stage1_unit2_bn3_beta"}}
:::MLLOG {"namespace": "", "time_ms": 1652276315724, "event_type": "POINT_IN_TIME", "key": "weights_initialization", "value": null, "metadata": {"file": "train_imagenet.py", "lineno": 86, "tensor": "stage1_unit2_bn3_gamma"}}
:::MLLOG {"namespace": "", "time_ms": 1652276315724, "event_type": "POINT_IN_TIME", "key": "weights_initialization", "value": null, "metadata": {"file": "train_imagenet.py", "lineno": 76, "tensor": "stage1_unit2_conv1_weight"}}
:::MLLOG {"namespace": "", "time_ms": 1652276315724, "event_type": "POINT_IN_TIME", "key": "weights_initialization", "value": null, "metadata": {"file": "train_imagenet.py", "lineno": 76, "tensor": "stage1_unit2_conv2_weight"}}
:::MLLOG {"namespace": "", "time_ms": 1652276315725, "event_type": "POINT_IN_TIME", "key": "weights_initialization", "value": null, "metadata": {"file": "train_imagenet.py", "lineno": 76, "tensor": "stage1_unit2_conv3_weight"}}
:::MLLOG {"namespace": "", "time_ms": 1652276315725, "event_type": "POINT_IN_TIME", "key": "weights_initialization", "value": null, "metadata": {"file": "train_imagenet.py", "lineno": 91, "tensor": "stage1_unit3_bn1_beta"}}
:::MLLOG {"namespace": "", "time_ms": 1652276315725, "event_type": "POINT_IN_TIME", "key": "weights_initialization", "value": null, "metadata": {"file": "train_imagenet.py", "lineno": 86, "tensor": "stage1_unit3_bn1_gamma"}}
:::MLLOG {"namespace": "", "time_ms": 1652276315726, "event_type": "POINT_IN_TIME", "key": "weights_initialization", "value": null, "metadata": {"file": "train_imagenet.py", "lineno": 91, "tensor": "stage1_unit3_bn2_beta"}}
:::MLLOG {"namespace": "", "time_ms": 1652276315726, "event_type": "POINT_IN_TIME", "key": "weights_initialization", "value": null, "metadata": {"file": "train_imagenet.py", "lineno": 86, "tensor": "stage1_unit3_bn2_gamma"}}
:::MLLOG {"namespace": "", "time_ms": 1652276315726, "event_type": "POINT_IN_TIME", "key": "weights_initialization", "value": null, "metadata": {"file": "train_imagenet.py", "lineno": 91, "tensor": "stage1_unit3_bn3_beta"}}
:::MLLOG {"namespace": "", "time_ms": 1652276315727, "event_type": "POINT_IN_TIME", "key": "weights_initialization", "value": null, "metadata": {"file": "train_imagenet.py", "lineno": 86, "tensor": "stage1_unit3_bn3_gamma"}}
:::MLLOG {"namespace": "", "time_ms": 1652276315727, "event_type": "POINT_IN_TIME", "key": "weights_initialization", "value": null, "metadata": {"file": "train_imagenet.py", "lineno": 76, "tensor": "stage1_unit3_conv1_weight"}}
:::MLLOG {"namespace": "", "time_ms": 1652276315727, "event_type": "POINT_IN_TIME", "key": "weights_initialization", "value": null, "metadata": {"file": "train_imagenet.py", "lineno": 76, "tensor": "stage1_unit3_conv2_weight"}}
:::MLLOG {"namespace": "", "time_ms": 1652276315728, "event_type": "POINT_IN_TIME", "key": "weights_initialization", "value": null, "metadata": {"file": "train_imagenet.py", "lineno": 76, "tensor": "stage1_unit3_conv3_weight"}}
:::MLLOG {"namespace": "", "time_ms": 1652276315728, "event_type": "POINT_IN_TIME", "key": "weights_initialization", "value": null, "metadata": {"file": "train_imagenet.py", "lineno": 91, "tensor": "stage2_unit1_bn1_beta"}}
:::MLLOG {"namespace": "", "time_ms": 1652276315728, "event_type": "POINT_IN_TIME", "key": "weights_initialization", "value": null, "metadata": {"file": "train_imagenet.py", "lineno": 86, "tensor": "stage2_unit1_bn1_gamma"}}
:::MLLOG {"namespace": "", "time_ms": 1652276315729, "event_type": "POINT_IN_TIME", "key": "weights_initialization", "value": null, "metadata": {"file": "train_imagenet.py", "lineno": 91, "tensor": "stage2_unit1_bn2_beta"}}
:::MLLOG {"namespace": "", "time_ms": 1652276315729, "event_type": "POINT_IN_TIME", "key": "weights_initialization", "value": null, "metadata": {"file": "train_imagenet.py", "lineno": 86, "tensor": "stage2_unit1_bn2_gamma"}}
:::MLLOG {"namespace": "", "time_ms": 1652276315729, "event_type": "POINT_IN_TIME", "key": "weights_initialization", "value": null, "metadata": {"file": "train_imagenet.py", "lineno": 91, "tensor": "stage2_unit1_bn3_beta"}}
:::MLLOG {"namespace": "", "time_ms": 1652276315730, "event_type": "POINT_IN_TIME", "key": "weights_initialization", "value": null, "metadata": {"file": "train_imagenet.py", "lineno": 86, "tensor": "stage2_unit1_bn3_gamma"}}
:::MLLOG {"namespace": "", "time_ms": 1652276315730, "event_type": "POINT_IN_TIME", "key": "weights_initialization", "value": null, "metadata": {"file": "train_imagenet.py", "lineno": 91, "tensor": "stage2_unit1_bn_sc_beta"}}
:::MLLOG {"namespace": "", "time_ms": 1652276315730, "event_type": "POINT_IN_TIME", "key": "weights_initialization", "value": null, "metadata": {"file": "train_imagenet.py", "lineno": 86, "tensor": "stage2_unit1_bn_sc_gamma"}}
:::MLLOG {"namespace": "", "time_ms": 1652276315731, "event_type": "POINT_IN_TIME", "key": "weights_initialization", "value": null, "metadata": {"file": "train_imagenet.py", "lineno": 76, "tensor": "stage2_unit1_conv1_weight"}}
:::MLLOG {"namespace": "", "time_ms": 1652276315731, "event_type": "POINT_IN_TIME", "key": "weights_initialization", "value": null, "metadata": {"file": "train_imagenet.py", "lineno": 76, "tensor": "stage2_unit1_conv1sc_weight"}}
:::MLLOG {"namespace": "", "time_ms": 1652276315731, "event_type": "POINT_IN_TIME", "key": "weights_initialization", "value": null, "metadata": {"file": "train_imagenet.py", "lineno": 76, "tensor": "stage2_unit1_conv2_weight"}}
:::MLLOG {"namespace": "", "time_ms": 1652276315732, "event_type": "POINT_IN_TIME", "key": "weights_initialization", "value": null, "metadata": {"file": "train_imagenet.py", "lineno": 76, "tensor": "stage2_unit1_conv3_weight"}}
:::MLLOG {"namespace": "", "time_ms": 1652276315732, "event_type": "POINT_IN_TIME", "key": "weights_initialization", "value": null, "metadata": {"file": "train_imagenet.py", "lineno": 91, "tensor": "stage2_unit2_bn1_beta"}}
:::MLLOG {"namespace": "", "time_ms": 1652276315732, "event_type": "POINT_IN_TIME", "key": "weights_initialization", "value": null, "metadata": {"file": "train_imagenet.py", "lineno": 86, "tensor": "stage2_unit2_bn1_gamma"}}
:::MLLOG {"namespace": "", "time_ms": 1652276315733, "event_type": "POINT_IN_TIME", "key": "weights_initialization", "value": null, "metadata": {"file": "train_imagenet.py", "lineno": 91, "tensor": "stage2_unit2_bn2_beta"}}
:::MLLOG {"namespace": "", "time_ms": 1652276315733, "event_type": "POINT_IN_TIME", "key": "weights_initialization", "value": null, "metadata": {"file": "train_imagenet.py", "lineno": 86, "tensor": "stage2_unit2_bn2_gamma"}}
:::MLLOG {"namespace": "", "time_ms": 1652276315733, "event_type": "POINT_IN_TIME", "key": "weights_initialization", "value": null, "metadata": {"file": "train_imagenet.py", "lineno": 91, "tensor": "stage2_unit2_bn3_beta"}}
:::MLLOG {"namespace": "", "time_ms": 1652276315733, "event_type": "POINT_IN_TIME", "key": "weights_initialization", "value": null, "metadata": {"file": "train_imagenet.py", "lineno": 86, "tensor": "stage2_unit2_bn3_gamma"}}
:::MLLOG {"namespace": "", "time_ms": 1652276315734, "event_type": "POINT_IN_TIME", "key": "weights_initialization", "value": null, "metadata": {"file": "train_imagenet.py", "lineno": 76, "tensor": "stage2_unit2_conv1_weight"}}
:::MLLOG {"namespace": "", "time_ms": 1652276315734, "event_type": "POINT_IN_TIME", "key": "weights_initialization", "value": null, "metadata": {"file": "train_imagenet.py", "lineno": 76, "tensor": "stage2_unit2_conv2_weight"}}
:::MLLOG {"namespace": "", "time_ms": 1652276315734, "event_type": "POINT_IN_TIME", "key": "weights_initialization", "value": null, "metadata": {"file": "train_imagenet.py", "lineno": 76, "tensor": "stage2_unit2_conv3_weight"}}
:::MLLOG {"namespace": "", "time_ms": 1652276315734, "event_type": "POINT_IN_TIME", "key": "weights_initialization", "value": null, "metadata": {"file": "train_imagenet.py", "lineno": 91, "tensor": "stage2_unit3_bn1_beta"}}
:::MLLOG {"namespace": "", "time_ms": 1652276315734, "event_type": "POINT_IN_TIME", "key": "weights_initialization", "value": null, "metadata": {"file": "train_imagenet.py", "lineno": 86, "tensor": "stage2_unit3_bn1_gamma"}}
:::MLLOG {"namespace": "", "time_ms": 1652276315735, "event_type": "POINT_IN_TIME", "key": "weights_initialization", "value": null, "metadata": {"file": "train_imagenet.py", "lineno": 91, "tensor": "stage2_unit3_bn2_beta"}}
:::MLLOG {"namespace": "", "time_ms": 1652276315735, "event_type": "POINT_IN_TIME", "key": "weights_initialization", "value": null, "metadata": {"file": "train_imagenet.py", "lineno": 86, "tensor": "stage2_unit3_bn2_gamma"}}
:::MLLOG {"namespace": "", "time_ms": 1652276315735, "event_type": "POINT_IN_TIME", "key": "weights_initialization", "value": null, "metadata": {"file": "train_imagenet.py", "lineno": 91, "tensor": "stage2_unit3_bn3_beta"}}
:::MLLOG {"namespace": "", "time_ms": 1652276315735, "event_type": "POINT_IN_TIME", "key": "weights_initialization", "value": null, "metadata": {"file": "train_imagenet.py", "lineno": 86, "tensor": "stage2_unit3_bn3_gamma"}}
:::MLLOG {"namespace": "", "time_ms": 1652276315736, "event_type": "POINT_IN_TIME", "key": "weights_initialization", "value": null, "metadata": {"file": "train_imagenet.py", "lineno": 76, "tensor": "stage2_unit3_conv1_weight"}}
:::MLLOG {"namespace": "", "time_ms": 1652276315736, "event_type": "POINT_IN_TIME", "key": "weights_initialization", "value": null, "metadata": {"file": "train_imagenet.py", "lineno": 76, "tensor": "stage2_unit3_conv2_weight"}}
:::MLLOG {"namespace": "", "time_ms": 1652276315736, "event_type": "POINT_IN_TIME", "key": "weights_initialization", "value": null, "metadata": {"file": "train_imagenet.py", "lineno": 76, "tensor": "stage2_unit3_conv3_weight"}}
:::MLLOG {"namespace": "", "time_ms": 1652276315736, "event_type": "POINT_IN_TIME", "key": "weights_initialization", "value": null, "metadata": {"file": "train_imagenet.py", "lineno": 91, "tensor": "stage2_unit4_bn1_beta"}}
:::MLLOG {"namespace": "", "time_ms": 1652276315737, "event_type": "POINT_IN_TIME", "key": "weights_initialization", "value": null, "metadata": {"file": "train_imagenet.py", "lineno": 86, "tensor": "stage2_unit4_bn1_gamma"}}
:::MLLOG {"namespace": "", "time_ms": 1652276315737, "event_type": "POINT_IN_TIME", "key": "weights_initialization", "value": null, "metadata": {"file": "train_imagenet.py", "lineno": 91, "tensor": "stage2_unit4_bn2_beta"}}
:::MLLOG {"namespace": "", "time_ms": 1652276315737, "event_type": "POINT_IN_TIME", "key": "weights_initialization", "value": null, "metadata": {"file": "train_imagenet.py", "lineno": 86, "tensor": "stage2_unit4_bn2_gamma"}}
:::MLLOG {"namespace": "", "time_ms": 1652276315737, "event_type": "POINT_IN_TIME", "key": "weights_initialization", "value": null, "metadata": {"file": "train_imagenet.py", "lineno": 91, "tensor": "stage2_unit4_bn3_beta"}}
:::MLLOG {"namespace": "", "time_ms": 1652276315738, "event_type": "POINT_IN_TIME", "key": "weights_initialization", "value": null, "metadata": {"file": "train_imagenet.py", "lineno": 86, "tensor": "stage2_unit4_bn3_gamma"}}
:::MLLOG {"namespace": "", "time_ms": 1652276315738, "event_type": "POINT_IN_TIME", "key": "weights_initialization", "value": null, "metadata": {"file": "train_imagenet.py", "lineno": 76, "tensor": "stage2_unit4_conv1_weight"}}
:::MLLOG {"namespace": "", "time_ms": 1652276315738, "event_type": "POINT_IN_TIME", "key": "weights_initialization", "value": null, "metadata": {"file": "train_imagenet.py", "lineno": 76, "tensor": "stage2_unit4_conv2_weight"}}
:::MLLOG {"namespace": "", "time_ms": 1652276315738, "event_type": "POINT_IN_TIME", "key": "weights_initialization", "value": null, "metadata": {"file": "train_imagenet.py", "lineno": 76, "tensor": "stage2_unit4_conv3_weight"}}
:::MLLOG {"namespace": "", "time_ms": 1652276315738, "event_type": "POINT_IN_TIME", "key": "weights_initialization", "value": null, "metadata": {"file": "train_imagenet.py", "lineno": 91, "tensor": "stage3_unit1_bn1_beta"}}
:::MLLOG {"namespace": "", "time_ms": 1652276315739, "event_type": "POINT_IN_TIME", "key": "weights_initialization", "value": null, "metadata": {"file": "train_imagenet.py", "lineno": 86, "tensor": "stage3_unit1_bn1_gamma"}}
:::MLLOG {"namespace": "", "time_ms": 1652276315739, "event_type": "POINT_IN_TIME", "key": "weights_initialization", "value": null, "metadata": {"file": "train_imagenet.py", "lineno": 91, "tensor": "stage3_unit1_bn2_beta"}}
:::MLLOG {"namespace": "", "time_ms": 1652276315739, "event_type": "POINT_IN_TIME", "key": "weights_initialization", "value": null, "metadata": {"file": "train_imagenet.py", "lineno": 86, "tensor": "stage3_unit1_bn2_gamma"}}
:::MLLOG {"namespace": "", "time_ms": 1652276315739, "event_type": "POINT_IN_TIME", "key": "weights_initialization", "value": null, "metadata": {"file": "train_imagenet.py", "lineno": 91, "tensor": "stage3_unit1_bn3_beta"}}
:::MLLOG {"namespace": "", "time_ms": 1652276315740, "event_type": "POINT_IN_TIME", "key": "weights_initialization", "value": null, "metadata": {"file": "train_imagenet.py", "lineno": 86, "tensor": "stage3_unit1_bn3_gamma"}}
:::MLLOG {"namespace": "", "time_ms": 1652276315740, "event_type": "POINT_IN_TIME", "key": "weights_initialization", "value": null, "metadata": {"file": "train_imagenet.py", "lineno": 91, "tensor": "stage3_unit1_bn_sc_beta"}}
:::MLLOG {"namespace": "", "time_ms": 1652276315740, "event_type": "POINT_IN_TIME", "key": "weights_initialization", "value": null, "metadata": {"file": "train_imagenet.py", "lineno": 86, "tensor": "stage3_unit1_bn_sc_gamma"}}
:::MLLOG {"namespace": "", "time_ms": 1652276315740, "event_type": "POINT_IN_TIME", "key": "weights_initialization", "value": null, "metadata": {"file": "train_imagenet.py", "lineno": 76, "tensor": "stage3_unit1_conv1_weight"}}
:::MLLOG {"namespace": "", "time_ms": 1652276315741, "event_type": "POINT_IN_TIME", "key": "weights_initialization", "value": null, "metadata": {"file": "train_imagenet.py", "lineno": 76, "tensor": "stage3_unit1_conv1sc_weight"}}
:::MLLOG {"namespace": "", "time_ms": 1652276315741, "event_type": "POINT_IN_TIME", "key": "weights_initialization", "value": null, "metadata": {"file": "train_imagenet.py", "lineno": 76, "tensor": "stage3_unit1_conv2_weight"}}
:::MLLOG {"namespace": "", "time_ms": 1652276315741, "event_type": "POINT_IN_TIME", "key": "weights_initialization", "value": null, "metadata": {"file": "train_imagenet.py", "lineno": 76, "tensor": "stage3_unit1_conv3_weight"}}
:::MLLOG {"namespace": "", "time_ms": 1652276315741, "event_type": "POINT_IN_TIME", "key": "weights_initialization", "value": null, "metadata": {"file": "train_imagenet.py", "lineno": 91, "tensor": "stage3_unit2_bn1_beta"}}
:::MLLOG {"namespace": "", "time_ms": 1652276315742, "event_type": "POINT_IN_TIME", "key": "weights_initialization", "value": null, "metadata": {"file": "train_imagenet.py", "lineno": 86, "tensor": "stage3_unit2_bn1_gamma"}}
:::MLLOG {"namespace": "", "time_ms": 1652276315742, "event_type": "POINT_IN_TIME", "key": "weights_initialization", "value": null, "metadata": {"file": "train_imagenet.py", "lineno": 91, "tensor": "stage3_unit2_bn2_beta"}}
:::MLLOG {"namespace": "", "time_ms": 1652276315742, "event_type": "POINT_IN_TIME", "key": "weights_initialization", "value": null, "metadata": {"file": "train_imagenet.py", "lineno": 86, "tensor": "stage3_unit2_bn2_gamma"}}
:::MLLOG {"namespace": "", "time_ms": 1652276315742, "event_type": "POINT_IN_TIME", "key": "weights_initialization", "value": null, "metadata": {"file": "train_imagenet.py", "lineno": 91, "tensor": "stage3_unit2_bn3_beta"}}
:::MLLOG {"namespace": "", "time_ms": 1652276315743, "event_type": "POINT_IN_TIME", "key": "weights_initialization", "value": null, "metadata": {"file": "train_imagenet.py", "lineno": 86, "tensor": "stage3_unit2_bn3_gamma"}}
:::MLLOG {"namespace": "", "time_ms": 1652276315743, "event_type": "POINT_IN_TIME", "key": "weights_initialization", "value": null, "metadata": {"file": "train_imagenet.py", "lineno": 76, "tensor": "stage3_unit2_conv1_weight"}}
:::MLLOG {"namespace": "", "time_ms": 1652276315743, "event_type": "POINT_IN_TIME", "key": "weights_initialization", "value": null, "metadata": {"file": "train_imagenet.py", "lineno": 76, "tensor": "stage3_unit2_conv2_weight"}}
:::MLLOG {"namespace": "", "time_ms": 1652276315743, "event_type": "POINT_IN_TIME", "key": "weights_initialization", "value": null, "metadata": {"file": "train_imagenet.py", "lineno": 76, "tensor": "stage3_unit2_conv3_weight"}}
:::MLLOG {"namespace": "", "time_ms": 1652276315743, "event_type": "POINT_IN_TIME", "key": "weights_initialization", "value": null, "metadata": {"file": "train_imagenet.py", "lineno": 91, "tensor": "stage3_unit3_bn1_beta"}}
:::MLLOG {"namespace": "", "time_ms": 1652276315744, "event_type": "POINT_IN_TIME", "key": "weights_initialization", "value": null, "metadata": {"file": "train_imagenet.py", "lineno": 86, "tensor": "stage3_unit3_bn1_gamma"}}
:::MLLOG {"namespace": "", "time_ms": 1652276315744, "event_type": "POINT_IN_TIME", "key": "weights_initialization", "value": null, "metadata": {"file": "train_imagenet.py", "lineno": 91, "tensor": "stage3_unit3_bn2_beta"}}
:::MLLOG {"namespace": "", "time_ms": 1652276315744, "event_type": "POINT_IN_TIME", "key": "weights_initialization", "value": null, "metadata": {"file": "train_imagenet.py", "lineno": 86, "tensor": "stage3_unit3_bn2_gamma"}}
:::MLLOG {"namespace": "", "time_ms": 1652276315744, "event_type": "POINT_IN_TIME", "key": "weights_initialization", "value": null, "metadata": {"file": "train_imagenet.py", "lineno": 91, "tensor": "stage3_unit3_bn3_beta"}}
:::MLLOG {"namespace": "", "time_ms": 1652276315745, "event_type": "POINT_IN_TIME", "key": "weights_initialization", "value": null, "metadata": {"file": "train_imagenet.py", "lineno": 86, "tensor": "stage3_unit3_bn3_gamma"}}
:::MLLOG {"namespace": "", "time_ms": 1652276315745, "event_type": "POINT_IN_TIME", "key": "weights_initialization", "value": null, "metadata": {"file": "train_imagenet.py", "lineno": 76, "tensor": "stage3_unit3_conv1_weight"}}
:::MLLOG {"namespace": "", "time_ms": 1652276315745, "event_type": "POINT_IN_TIME", "key": "weights_initialization", "value": null, "metadata": {"file": "train_imagenet.py", "lineno": 76, "tensor": "stage3_unit3_conv2_weight"}}
:::MLLOG {"namespace": "", "time_ms": 1652276315745, "event_type": "POINT_IN_TIME", "key": "weights_initialization", "value": null, "metadata": {"file": "train_imagenet.py", "lineno": 76, "tensor": "stage3_unit3_conv3_weight"}}
:::MLLOG {"namespace": "", "time_ms": 1652276315746, "event_type": "POINT_IN_TIME", "key": "weights_initialization", "value": null, "metadata": {"file": "train_imagenet.py", "lineno": 91, "tensor": "stage3_unit4_bn1_beta"}}
:::MLLOG {"namespace": "", "time_ms": 1652276315746, "event_type": "POINT_IN_TIME", "key": "weights_initialization", "value": null, "metadata": {"file": "train_imagenet.py", "lineno": 86, "tensor": "stage3_unit4_bn1_gamma"}}
:::MLLOG {"namespace": "", "time_ms": 1652276315746, "event_type": "POINT_IN_TIME", "key": "weights_initialization", "value": null, "metadata": {"file": "train_imagenet.py", "lineno": 91, "tensor": "stage3_unit4_bn2_beta"}}
:::MLLOG {"namespace": "", "time_ms": 1652276315746, "event_type": "POINT_IN_TIME", "key": "weights_initialization", "value": null, "metadata": {"file": "train_imagenet.py", "lineno": 86, "tensor": "stage3_unit4_bn2_gamma"}}
:::MLLOG {"namespace": "", "time_ms": 1652276315747, "event_type": "POINT_IN_TIME", "key": "weights_initialization", "value": null, "metadata": {"file": "train_imagenet.py", "lineno": 91, "tensor": "stage3_unit4_bn3_beta"}}
:::MLLOG {"namespace": "", "time_ms": 1652276315747, "event_type": "POINT_IN_TIME", "key": "weights_initialization", "value": null, "metadata": {"file": "train_imagenet.py", "lineno": 86, "tensor": "stage3_unit4_bn3_gamma"}}
:::MLLOG {"namespace": "", "time_ms": 1652276315747, "event_type": "POINT_IN_TIME", "key": "weights_initialization", "value": null, "metadata": {"file": "train_imagenet.py", "lineno": 76, "tensor": "stage3_unit4_conv1_weight"}}
:::MLLOG {"namespace": "", "time_ms": 1652276315747, "event_type": "POINT_IN_TIME", "key": "weights_initialization", "value": null, "metadata": {"file": "train_imagenet.py", "lineno": 76, "tensor": "stage3_unit4_conv2_weight"}}
:::MLLOG {"namespace": "", "time_ms": 1652276315748, "event_type": "POINT_IN_TIME", "key": "weights_initialization", "value": null, "metadata": {"file": "train_imagenet.py", "lineno": 76, "tensor": "stage3_unit4_conv3_weight"}}
:::MLLOG {"namespace": "", "time_ms": 1652276315748, "event_type": "POINT_IN_TIME", "key": "weights_initialization", "value": null, "metadata": {"file": "train_imagenet.py", "lineno": 91, "tensor": "stage3_unit5_bn1_beta"}}
:::MLLOG {"namespace": "", "time_ms": 1652276315748, "event_type": "POINT_IN_TIME", "key": "weights_initialization", "value": null, "metadata": {"file": "train_imagenet.py", "lineno": 86, "tensor": "stage3_unit5_bn1_gamma"}}
:::MLLOG {"namespace": "", "time_ms": 1652276315748, "event_type": "POINT_IN_TIME", "key": "weights_initialization", "value": null, "metadata": {"file": "train_imagenet.py", "lineno": 91, "tensor": "stage3_unit5_bn2_beta"}}
:::MLLOG {"namespace": "", "time_ms": 1652276315749, "event_type": "POINT_IN_TIME", "key": "weights_initialization", "value": null, "metadata": {"file": "train_imagenet.py", "lineno": 86, "tensor": "stage3_unit5_bn2_gamma"}}
:::MLLOG {"namespace": "", "time_ms": 1652276315749, "event_type": "POINT_IN_TIME", "key": "weights_initialization", "value": null, "metadata": {"file": "train_imagenet.py", "lineno": 91, "tensor": "stage3_unit5_bn3_beta"}}
:::MLLOG {"namespace": "", "time_ms": 1652276315749, "event_type": "POINT_IN_TIME", "key": "weights_initialization", "value": null, "metadata": {"file": "train_imagenet.py", "lineno": 86, "tensor": "stage3_unit5_bn3_gamma"}}
:::MLLOG {"namespace": "", "time_ms": 1652276315749, "event_type": "POINT_IN_TIME", "key": "weights_initialization", "value": null, "metadata": {"file": "train_imagenet.py", "lineno": 76, "tensor": "stage3_unit5_conv1_weight"}}
:::MLLOG {"namespace": "", "time_ms": 1652276315749, "event_type": "POINT_IN_TIME", "key": "weights_initialization", "value": null, "metadata": {"file": "train_imagenet.py", "lineno": 76, "tensor": "stage3_unit5_conv2_weight"}}
:::MLLOG {"namespace": "", "time_ms": 1652276315750, "event_type": "POINT_IN_TIME", "key": "weights_initialization", "value": null, "metadata": {"file": "train_imagenet.py", "lineno": 76, "tensor": "stage3_unit5_conv3_weight"}}
:::MLLOG {"namespace": "", "time_ms": 1652276315750, "event_type": "POINT_IN_TIME", "key": "weights_initialization", "value": null, "metadata": {"file": "train_imagenet.py", "lineno": 91, "tensor": "stage3_unit6_bn1_beta"}}
:::MLLOG {"namespace": "", "time_ms": 1652276315750, "event_type": "POINT_IN_TIME", "key": "weights_initialization", "value": null, "metadata": {"file": "train_imagenet.py", "lineno": 86, "tensor": "stage3_unit6_bn1_gamma"}}
:::MLLOG {"namespace": "", "time_ms": 1652276315750, "event_type": "POINT_IN_TIME", "key": "weights_initialization", "value": null, "metadata": {"file": "train_imagenet.py", "lineno": 91, "tensor": "stage3_unit6_bn2_beta"}}
:::MLLOG {"namespace": "", "time_ms": 1652276315751, "event_type": "POINT_IN_TIME", "key": "weights_initialization", "value": null, "metadata": {"file": "train_imagenet.py", "lineno": 86, "tensor": "stage3_unit6_bn2_gamma"}}
:::MLLOG {"namespace": "", "time_ms": 1652276315751, "event_type": "POINT_IN_TIME", "key": "weights_initialization", "value": null, "metadata": {"file": "train_imagenet.py", "lineno": 91, "tensor": "stage3_unit6_bn3_beta"}}
:::MLLOG {"namespace": "", "time_ms": 1652276315751, "event_type": "POINT_IN_TIME", "key": "weights_initialization", "value": null, "metadata": {"file": "train_imagenet.py", "lineno": 86, "tensor": "stage3_unit6_bn3_gamma"}}
:::MLLOG {"namespace": "", "time_ms": 1652276315751, "event_type": "POINT_IN_TIME", "key": "weights_initialization", "value": null, "metadata": {"file": "train_imagenet.py", "lineno": 76, "tensor": "stage3_unit6_conv1_weight"}}
:::MLLOG {"namespace": "", "time_ms": 1652276315752, "event_type": "POINT_IN_TIME", "key": "weights_initialization", "value": null, "metadata": {"file": "train_imagenet.py", "lineno": 76, "tensor": "stage3_unit6_conv2_weight"}}
:::MLLOG {"namespace": "", "time_ms": 1652276315752, "event_type": "POINT_IN_TIME", "key": "weights_initialization", "value": null, "metadata": {"file": "train_imagenet.py", "lineno": 76, "tensor": "stage3_unit6_conv3_weight"}}
:::MLLOG {"namespace": "", "time_ms": 1652276315752, "event_type": "POINT_IN_TIME", "key": "weights_initialization", "value": null, "metadata": {"file": "train_imagenet.py", "lineno": 91, "tensor": "stage4_unit1_bn1_beta"}}
:::MLLOG {"namespace": "", "time_ms": 1652276315752, "event_type": "POINT_IN_TIME", "key": "weights_initialization", "value": null, "metadata": {"file": "train_imagenet.py", "lineno": 86, "tensor": "stage4_unit1_bn1_gamma"}}
:::MLLOG {"namespace": "", "time_ms": 1652276315753, "event_type": "POINT_IN_TIME", "key": "weights_initialization", "value": null, "metadata": {"file": "train_imagenet.py", "lineno": 91, "tensor": "stage4_unit1_bn2_beta"}}
:::MLLOG {"namespace": "", "time_ms": 1652276315753, "event_type": "POINT_IN_TIME", "key": "weights_initialization", "value": null, "metadata": {"file": "train_imagenet.py", "lineno": 86, "tensor": "stage4_unit1_bn2_gamma"}}
:::MLLOG {"namespace": "", "time_ms": 1652276315753, "event_type": "POINT_IN_TIME", "key": "weights_initialization", "value": null, "metadata": {"file": "train_imagenet.py", "lineno": 91, "tensor": "stage4_unit1_bn3_beta"}}
:::MLLOG {"namespace": "", "time_ms": 1652276315753, "event_type": "POINT_IN_TIME", "key": "weights_initialization", "value": null, "metadata": {"file": "train_imagenet.py", "lineno": 86, "tensor": "stage4_unit1_bn3_gamma"}}
:::MLLOG {"namespace": "", "time_ms": 1652276315754, "event_type": "POINT_IN_TIME", "key": "weights_initialization", "value": null, "metadata": {"file": "train_imagenet.py", "lineno": 91, "tensor": "stage4_unit1_bn_sc_beta"}}
:::MLLOG {"namespace": "", "time_ms": 1652276315754, "event_type": "POINT_IN_TIME", "key": "weights_initialization", "value": null, "metadata": {"file": "train_imagenet.py", "lineno": 86, "tensor": "stage4_unit1_bn_sc_gamma"}}
:::MLLOG {"namespace": "", "time_ms": 1652276315754, "event_type": "POINT_IN_TIME", "key": "weights_initialization", "value": null, "metadata": {"file": "train_imagenet.py", "lineno": 76, "tensor": "stage4_unit1_conv1_weight"}}
:::MLLOG {"namespace": "", "time_ms": 1652276315754, "event_type": "POINT_IN_TIME", "key": "weights_initialization", "value": null, "metadata": {"file": "train_imagenet.py", "lineno": 76, "tensor": "stage4_unit1_conv1sc_weight"}}
:::MLLOG {"namespace": "", "time_ms": 1652276315754, "event_type": "POINT_IN_TIME", "key": "weights_initialization", "value": null, "metadata": {"file": "train_imagenet.py", "lineno": 76, "tensor": "stage4_unit1_conv2_weight"}}
:::MLLOG {"namespace": "", "time_ms": 1652276315755, "event_type": "POINT_IN_TIME", "key": "weights_initialization", "value": null, "metadata": {"file": "train_imagenet.py", "lineno": 76, "tensor": "stage4_unit1_conv3_weight"}}
:::MLLOG {"namespace": "", "time_ms": 1652276315755, "event_type": "POINT_IN_TIME", "key": "weights_initialization", "value": null, "metadata": {"file": "train_imagenet.py", "lineno": 91, "tensor": "stage4_unit2_bn1_beta"}}
:::MLLOG {"namespace": "", "time_ms": 1652276315755, "event_type": "POINT_IN_TIME", "key": "weights_initialization", "value": null, "metadata": {"file": "train_imagenet.py", "lineno": 86, "tensor": "stage4_unit2_bn1_gamma"}}
:::MLLOG {"namespace": "", "time_ms": 1652276315755, "event_type": "POINT_IN_TIME", "key": "weights_initialization", "value": null, "metadata": {"file": "train_imagenet.py", "lineno": 91, "tensor": "stage4_unit2_bn2_beta"}}
:::MLLOG {"namespace": "", "time_ms": 1652276315756, "event_type": "POINT_IN_TIME", "key": "weights_initialization", "value": null, "metadata": {"file": "train_imagenet.py", "lineno": 86, "tensor": "stage4_unit2_bn2_gamma"}}
:::MLLOG {"namespace": "", "time_ms": 1652276315756, "event_type": "POINT_IN_TIME", "key": "weights_initialization", "value": null, "metadata": {"file": "train_imagenet.py", "lineno": 91, "tensor": "stage4_unit2_bn3_beta"}}
:::MLLOG {"namespace": "", "time_ms": 1652276315756, "event_type": "POINT_IN_TIME", "key": "weights_initialization", "value": null, "metadata": {"file": "train_imagenet.py", "lineno": 86, "tensor": "stage4_unit2_bn3_gamma"}}
:::MLLOG {"namespace": "", "time_ms": 1652276315756, "event_type": "POINT_IN_TIME", "key": "weights_initialization", "value": null, "metadata": {"file": "train_imagenet.py", "lineno": 76, "tensor": "stage4_unit2_conv1_weight"}}
:::MLLOG {"namespace": "", "time_ms": 1652276315757, "event_type": "POINT_IN_TIME", "key": "weights_initialization", "value": null, "metadata": {"file": "train_imagenet.py", "lineno": 76, "tensor": "stage4_unit2_conv2_weight"}}
:::MLLOG {"namespace": "", "time_ms": 1652276315757, "event_type": "POINT_IN_TIME", "key": "weights_initialization", "value": null, "metadata": {"file": "train_imagenet.py", "lineno": 76, "tensor": "stage4_unit2_conv3_weight"}}
:::MLLOG {"namespace": "", "time_ms": 1652276315757, "event_type": "POINT_IN_TIME", "key": "weights_initialization", "value": null, "metadata": {"file": "train_imagenet.py", "lineno": 91, "tensor": "stage4_unit3_bn1_beta"}}
:::MLLOG {"namespace": "", "time_ms": 1652276315757, "event_type": "POINT_IN_TIME", "key": "weights_initialization", "value": null, "metadata": {"file": "train_imagenet.py", "lineno": 86, "tensor": "stage4_unit3_bn1_gamma"}}
:::MLLOG {"namespace": "", "time_ms": 1652276315758, "event_type": "POINT_IN_TIME", "key": "weights_initialization", "value": null, "metadata": {"file": "train_imagenet.py", "lineno": 91, "tensor": "stage4_unit3_bn2_beta"}}
:::MLLOG {"namespace": "", "time_ms": 1652276315758, "event_type": "POINT_IN_TIME", "key": "weights_initialization", "value": null, "metadata": {"file": "train_imagenet.py", "lineno": 86, "tensor": "stage4_unit3_bn2_gamma"}}
:::MLLOG {"namespace": "", "time_ms": 1652276315758, "event_type": "POINT_IN_TIME", "key": "weights_initialization", "value": null, "metadata": {"file": "train_imagenet.py", "lineno": 91, "tensor": "stage4_unit3_bn3_beta"}}
:::MLLOG {"namespace": "", "time_ms": 1652276315758, "event_type": "POINT_IN_TIME", "key": "weights_initialization", "value": null, "metadata": {"file": "train_imagenet.py", "lineno": 86, "tensor": "stage4_unit3_bn3_gamma"}}
:::MLLOG {"namespace": "", "time_ms": 1652276315758, "event_type": "POINT_IN_TIME", "key": "weights_initialization", "value": null, "metadata": {"file": "train_imagenet.py", "lineno": 76, "tensor": "stage4_unit3_conv1_weight"}}
:::MLLOG {"namespace": "", "time_ms": 1652276315759, "event_type": "POINT_IN_TIME", "key": "weights_initialization", "value": null, "metadata": {"file": "train_imagenet.py", "lineno": 76, "tensor": "stage4_unit3_conv2_weight"}}
:::MLLOG {"namespace": "", "time_ms": 1652276315759, "event_type": "POINT_IN_TIME", "key": "weights_initialization", "value": null, "metadata": {"file": "train_imagenet.py", "lineno": 76, "tensor": "stage4_unit3_conv3_weight"}}
/usr/local/lib/python3.8/dist-packages/nvidia/dali/ops.py:627: DeprecationWarning: WARNING: `coin_flip` is now deprecated. Use `random.coin_flip` instead.
  op_instances.append(_OperatorInstance(input_set, self, **kwargs))
/usr/local/lib/python3.8/dist-packages/nvidia/dali/ops.py:627: DeprecationWarning: WARNING: `mxnet_reader` is now deprecated. Use `readers.mxnet` instead.
In DALI 1.0 all readers were moved into a dedicated :mod:`~nvidia.dali.fn.readers`
submodule and renamed to follow a common pattern. This is a placeholder operator with identical
functionality to allow for backward compatibility.
  op_instances.append(_OperatorInstance(input_set, self, **kwargs))
/usr/local/lib/python3.8/dist-packages/nvidia/dali/ops.py:627: DeprecationWarning: WARNING: `image_decoder` is now deprecated. Use `decoders.image` instead.
In DALI 1.0 all decoders were moved into a dedicated :mod:`~nvidia.dali.fn.decoders`
submodule and renamed to follow a common pattern. This is a placeholder operator with identical
functionality to allow for backward compatibility.
  op_instances.append(_OperatorInstance(input_set, self, **kwargs))
/usr/local/lib/python3.8/dist-packages/nvidia/dali/ops.py:627: DeprecationWarning: WARNING: `mxnet_reader` is now deprecated. Use `readers.mxnet` instead.
In DALI 1.0 all readers were moved into a dedicated :mod:`~nvidia.dali.fn.readers`
submodule and renamed to follow a common pattern. This is a placeholder operator with identical
functionality to allow for backward compatibility.
  op_instances.append(_OperatorInstance(input_set, self, **kwargs))
/usr/local/lib/python3.8/dist-packages/nvidia/dali/ops.py:627: DeprecationWarning: WARNING: `image_decoder` is now deprecated. Use `decoders.image` instead.
In DALI 1.0 all decoders were moved into a dedicated :mod:`~nvidia.dali.fn.decoders`
submodule and renamed to follow a common pattern. This is a placeholder operator with identical
functionality to allow for backward compatibility.
  op_instances.append(_OperatorInstance(input_set, self, **kwargs))
2022-05-11 13:38:37,042 Node[1] start with arguments Namespace(accuracy_threshold=0.759, batch_size=16, batchnorm_eps=1e-05, batchnorm_layout='NHWC', batchnorm_mom=0.9, bn_gamma_init0=False, bn_group=1, conv_algo=1, conv_layout='NHWC', custom_bn_off=0, dali_bytes_per_sample_hint=10485760, dali_cache_size=12288, dali_crop_buffer_hint=165581, dali_decoder_buffer_hint=1315942, dali_dont_use_mmap=0, dali_hw_decoder_load=0.7, dali_normalize_buffer_hint=441549, dali_nvjpeg_memory_padding=256, dali_preallocate_height=6430, dali_preallocate_width=5980, dali_prefetch_queue=3, dali_roi_decode=False, dali_threads=6, dali_tmp_buffer_hint=355568328, data_train='/data/train.rec', data_train_idx='/data/train.idx', data_val='/data/val.rec', data_val_idx='/data/val.idx', disp_batches=20, dtype='float16', e2e_cuda_graphs=0, epoch_size=0, eval_offset=2, eval_period=4, force_tensor_core=1, fuse_bn_add_relu=1, fuse_bn_relu=1, gpus='1', image_shape='4,224,224', initializer='default', input_batch_multiplier=1, input_layout='NHWC', kv_store='horovod', label_smoothing=0.1, lars_eps=0, lars_eta=0.001, lazy_init_sanity=False, local_rank=1, log='', logging_dir='logs', lr=10.5, lr_factor=0.1, lr_step_epochs='pow2', max_random_area=1.0, max_random_aspect_ratio=1.3333333333333333, min_random_area=0.05, min_random_aspect_ratio=0.75, model_prefix=None, mom=0.9, network='resnet-v1b-fl', num_classes=1000, num_epochs=2, num_examples=1281167, num_layers=50, num_val_examples=-1, optimizer='sgdwfastlars', pooling_layout='NHWC', profile=0, profile_server_suffix='', profile_worker_suffix='', resize=256, save_period=1, seed=11209, separ_val=False, top_k=0, use_dali=True, verbose=0, warmup_epochs=2, warmup_strategy='linear', wd=5e-05)
:::MLLOG {"namespace": "", "time_ms": 1652276317042, "event_type": "INTERVAL_END", "key": "init_stop", "value": null, "metadata": {"file": "train_imagenet.py", "lineno": 233}}
/usr/local/lib/python3.8/dist-packages/nvidia/dali/ops.py:627: DeprecationWarning: WARNING: `coin_flip` is now deprecated. Use `random.coin_flip` instead.
  op_instances.append(_OperatorInstance(input_set, self, **kwargs))
/usr/local/lib/python3.8/dist-packages/nvidia/dali/ops.py:627: DeprecationWarning: WARNING: `mxnet_reader` is now deprecated. Use `readers.mxnet` instead.
In DALI 1.0 all readers were moved into a dedicated :mod:`~nvidia.dali.fn.readers`
submodule and renamed to follow a common pattern. This is a placeholder operator with identical
functionality to allow for backward compatibility.
  op_instances.append(_OperatorInstance(input_set, self, **kwargs))
/usr/local/lib/python3.8/dist-packages/nvidia/dali/ops.py:627: DeprecationWarning: WARNING: `image_decoder` is now deprecated. Use `decoders.image` instead.
In DALI 1.0 all decoders were moved into a dedicated :mod:`~nvidia.dali.fn.decoders`
submodule and renamed to follow a common pattern. This is a placeholder operator with identical
functionality to allow for backward compatibility.
  op_instances.append(_OperatorInstance(input_set, self, **kwargs))
/usr/local/lib/python3.8/dist-packages/nvidia/dali/ops.py:627: DeprecationWarning: WARNING: `mxnet_reader` is now deprecated. Use `readers.mxnet` instead.
In DALI 1.0 all readers were moved into a dedicated :mod:`~nvidia.dali.fn.readers`
submodule and renamed to follow a common pattern. This is a placeholder operator with identical
functionality to allow for backward compatibility.
  op_instances.append(_OperatorInstance(input_set, self, **kwargs))
/usr/local/lib/python3.8/dist-packages/nvidia/dali/ops.py:627: DeprecationWarning: WARNING: `image_decoder` is now deprecated. Use `decoders.image` instead.
In DALI 1.0 all decoders were moved into a dedicated :mod:`~nvidia.dali.fn.decoders`
submodule and renamed to follow a common pattern. This is a placeholder operator with identical
functionality to allow for backward compatibility.
  op_instances.append(_OperatorInstance(input_set, self, **kwargs))
2022-05-11 13:38:37,042 Node[0] start with arguments Namespace(accuracy_threshold=0.759, batch_size=16, batchnorm_eps=1e-05, batchnorm_layout='NHWC', batchnorm_mom=0.9, bn_gamma_init0=False, bn_group=1, conv_algo=1, conv_layout='NHWC', custom_bn_off=0, dali_bytes_per_sample_hint=10485760, dali_cache_size=12288, dali_crop_buffer_hint=165581, dali_decoder_buffer_hint=1315942, dali_dont_use_mmap=0, dali_hw_decoder_load=0.7, dali_normalize_buffer_hint=441549, dali_nvjpeg_memory_padding=256, dali_preallocate_height=6430, dali_preallocate_width=5980, dali_prefetch_queue=3, dali_roi_decode=False, dali_threads=6, dali_tmp_buffer_hint=355568328, data_train='/data/train.rec', data_train_idx='/data/train.idx', data_val='/data/val.rec', data_val_idx='/data/val.idx', disp_batches=20, dtype='float16', e2e_cuda_graphs=0, epoch_size=0, eval_offset=2, eval_period=4, force_tensor_core=1, fuse_bn_add_relu=1, fuse_bn_relu=1, gpus='0', image_shape='4,224,224', initializer='default', input_batch_multiplier=1, input_layout='NHWC', kv_store='horovod', label_smoothing=0.1, lars_eps=0, lars_eta=0.001, lazy_init_sanity=False, local_rank=0, log='', logging_dir='logs', lr=10.5, lr_factor=0.1, lr_step_epochs='pow2', max_random_area=1.0, max_random_aspect_ratio=1.3333333333333333, min_random_area=0.05, min_random_aspect_ratio=0.75, model_prefix=None, mom=0.9, network='resnet-v1b-fl', num_classes=1000, num_epochs=2, num_examples=1281167, num_layers=50, num_val_examples=-1, optimizer='sgdwfastlars', pooling_layout='NHWC', profile=0, profile_server_suffix='', profile_worker_suffix='', resize=256, save_period=1, seed=2941, separ_val=False, top_k=0, use_dali=True, verbose=0, warmup_epochs=2, warmup_strategy='linear', wd=5e-05)
:::MLLOG {"namespace": "", "time_ms": 1652276317042, "event_type": "POINT_IN_TIME", "key": "sgd_opt_learning_rate_decay_poly_power", "value": 2, "metadata": {"file": "/workspace/image_classification/common/fit.py", "lineno": 711}}
:::MLLOG {"namespace": "", "time_ms": 1652276317043, "event_type": "POINT_IN_TIME", "key": "sgd_opt_end_learning_rate", "value": 0.0001, "metadata": {"file": "/workspace/image_classification/common/fit.py", "lineno": 712}}
:::MLLOG {"namespace": "", "time_ms": 1652276317043, "event_type": "POINT_IN_TIME", "key": "lars_opt_learning_rate_decay_poly_power", "value": 2, "metadata": {"file": "/workspace/image_classification/common/fit.py", "lineno": 713}}
:::MLLOG {"namespace": "", "time_ms": 1652276317043, "event_type": "POINT_IN_TIME", "key": "lars_opt_end_learning_rate", "value": 0.0001, "metadata": {"file": "/workspace/image_classification/common/fit.py", "lineno": 714}}
:::MLLOG {"namespace": "", "time_ms": 1652276317043, "event_type": "POINT_IN_TIME", "key": "d_batch_size", "value": 16, "metadata": {"file": "/workspace/image_classification/common/fit.py", "lineno": 1170}}
:::MLLOG {"namespace": "", "time_ms": 1652276317043, "event_type": "POINT_IN_TIME", "key": "s_optimizer", "value": "sgdwfastlars", "metadata": {"file": "/workspace/image_classification/common/fit.py", "lineno": 1171}}
:::MLLOG {"namespace": "", "time_ms": 1652276317043, "event_type": "POINT_IN_TIME", "key": "s_network", "value": "resnet-v1b-fl", "metadata": {"file": "/workspace/image_classification/common/fit.py", "lineno": 1172}}
:::MLLOG {"namespace": "", "time_ms": 1652276317043, "event_type": "POINT_IN_TIME", "key": "s_process", "value": "horovod", "metadata": {"file": "/workspace/image_classification/common/fit.py", "lineno": 1173}}
:::MLLOG {"namespace": "", "time_ms": 1652276317043, "event_type": "POINT_IN_TIME", "key": "global_batch_size", "value": 32, "metadata": {"file": "/workspace/image_classification/common/fit.py", "lineno": 1174}}
:::MLLOG {"namespace": "", "time_ms": 1652276317043, "event_type": "POINT_IN_TIME", "key": "s_optimizer", "value": "sgdwfastlars", "metadata": {"file": "/workspace/image_classification/common/fit.py", "lineno": 1175}}
:::MLLOG {"namespace": "", "time_ms": 1652276317043, "event_type": "POINT_IN_TIME", "key": "s_network", "value": "resnet-v1b-fl", "metadata": {"file": "/workspace/image_classification/common/fit.py", "lineno": 1176}}
:::MLLOG {"namespace": "", "time_ms": 1652276317043, "event_type": "POINT_IN_TIME", "key": "s_process", "value": "horovod", "metadata": {"file": "/workspace/image_classification/common/fit.py", "lineno": 1177}}
:::MLLOG {"namespace": "", "time_ms": 1652276317043, "event_type": "POINT_IN_TIME", "key": "gradient_accumulation_steps", "value": 1, "metadata": {"file": "/workspace/image_classification/common/fit.py", "lineno": 1178}}
:::MLLOG {"namespace": "", "time_ms": 1652276317043, "event_type": "POINT_IN_TIME", "key": "opt_name", "value": "lars", "metadata": {"file": "/workspace/image_classification/common/fit.py", "lineno": 1184}}
:::MLLOG {"namespace": "", "time_ms": 1652276317043, "event_type": "POINT_IN_TIME", "key": "lars_epsilon", "value": 0, "metadata": {"file": "/workspace/image_classification/common/fit.py", "lineno": 1186}}
:::MLLOG {"namespace": "", "time_ms": 1652276317043, "event_type": "POINT_IN_TIME", "key": "lars_opt_weight_decay", "value": 5e-05, "metadata": {"file": "/workspace/image_classification/common/fit.py", "lineno": 1188}}
:::MLLOG {"namespace": "", "time_ms": 1652276317043, "event_type": "POINT_IN_TIME", "key": "lars_opt_momentum", "value": 0.9, "metadata": {"file": "/workspace/image_classification/common/fit.py", "lineno": 1190}}
:::MLLOG {"namespace": "", "time_ms": 1652276317044, "event_type": "POINT_IN_TIME", "key": "lars_opt_base_learning_rate", "value": 10.5, "metadata": {"file": "/workspace/image_classification/common/fit.py", "lineno": 1191}}
:::MLLOG {"namespace": "", "time_ms": 1652276317044, "event_type": "POINT_IN_TIME", "key": "lars_opt_learning_rate_warmup_epochs", "value": 2, "metadata": {"file": "/workspace/image_classification/common/fit.py", "lineno": 1192}}
:::MLLOG {"namespace": "", "time_ms": 1652276317044, "event_type": "POINT_IN_TIME", "key": "lars_opt_learning_rate_decay_steps", "value": 2, "metadata": {"file": "/workspace/image_classification/common/fit.py", "lineno": 1193}}
[13:38:57] ../src/storage/storage.cc:199: Using Pooled (Naive) StorageManager for GPU
:::MLLOG {"namespace": "", "time_ms": 1652276339241, "event_type": "INTERVAL_START", "key": "run_start", "value": null, "metadata": {"file": "/workspace/image_classification/common/fit.py", "lineno": 1340}}
:::MLLOG {"namespace": "", "time_ms": 1652276339241, "event_type": "POINT_IN_TIME", "key": "train_samples", "value": 1281167, "metadata": {"file": "/workspace/image_classification/common/dali.py", "lineno": 486}}
:::MLLOG {"namespace": "", "time_ms": 1652276339499, "event_type": "POINT_IN_TIME", "key": "eval_samples", "value": 50000, "metadata": {"file": "/workspace/image_classification/common/dali.py", "lineno": 508}}
:::MLLOG {"namespace": "", "time_ms": 1652276339499, "event_type": "INTERVAL_START", "key": "block_start", "value": null, "metadata": {"file": "/workspace/image_classification/common/fit.py", "lineno": 903, "first_epoch_num": 1, "epoch_count": 3}}
:::MLLOG {"namespace": "", "time_ms": 1652276339500, "event_type": "INTERVAL_START", "key": "epoch_start", "value": null, "metadata": {"file": "/workspace/image_classification/common/fit.py", "lineno": 913, "epoch_num": 1}}
/usr/local/lib/python3.8/dist-packages/nvidia/dali/plugin/mxnet.py:89: Warning: Please do not use `fill_last_batch` and use `last_batch_policy` instead.
  _DaliBaseIterator.__init__(self,
2022-05-11 13:39:00,085 Node[0] Epoch[0] Batch [0-20]	Speed: 1819.27 samples/sec	accuracy=0.002976
2022-05-11 13:39:00,434 Node[0] Epoch[0] Batch [20-40]	Speed: 1835.10 samples/sec	accuracy=0.003125
2022-05-11 13:39:00,783 Node[0] Epoch[0] Batch [40-60]	Speed: 1834.07 samples/sec	accuracy=0.003125
2022-05-11 13:39:01,132 Node[0] Epoch[0] Batch [60-80]	Speed: 1833.56 samples/sec	accuracy=0.000000
2022-05-11 13:39:01,499 Node[0] Epoch[0] Batch [80-100]	Speed: 1742.49 samples/sec	accuracy=0.000000
2022-05-11 13:39:01,853 Node[0] Epoch[0] Batch [100-120]	Speed: 1810.54 samples/sec	accuracy=0.000000
2022-05-11 13:39:02,202 Node[0] Epoch[0] Batch [120-140]	Speed: 1835.77 samples/sec	accuracy=0.000000
2022-05-11 13:39:02,550 Node[0] Epoch[0] Batch [140-160]	Speed: 1834.00 samples/sec	accuracy=0.000000
2022-05-11 13:39:02,899 Node[0] Epoch[0] Batch [160-180]	Speed: 1838.00 samples/sec	accuracy=0.003125
2022-05-11 13:39:03,248 Node[0] Epoch[0] Batch [180-200]	Speed: 1833.87 samples/sec	accuracy=0.000000
2022-05-11 13:39:03,596 Node[0] Epoch[0] Batch [200-220]	Speed: 1837.21 samples/sec	accuracy=0.003125
2022-05-11 13:39:03,944 Node[0] Epoch[0] Batch [220-240]	Speed: 1837.26 samples/sec	accuracy=0.003125
2022-05-11 13:39:04,295 Node[0] Epoch[0] Batch [240-260]	Speed: 1826.79 samples/sec	accuracy=0.000000
2022-05-11 13:39:04,643 Node[0] Epoch[0] Batch [260-280]	Speed: 1835.50 samples/sec	accuracy=0.000000
2022-05-11 13:39:04,994 Node[0] Epoch[0] Batch [280-300]	Speed: 1827.50 samples/sec	accuracy=0.003125
2022-05-11 13:39:05,341 Node[0] Epoch[0] Batch [300-320]	Speed: 1840.33 samples/sec	accuracy=0.000000
2022-05-11 13:39:05,694 Node[0] Epoch[0] Batch [320-340]	Speed: 1814.82 samples/sec	accuracy=0.000000
2022-05-11 13:39:06,044 Node[0] Epoch[0] Batch [340-360]	Speed: 1827.07 samples/sec	accuracy=0.000000
2022-05-11 13:39:06,393 Node[0] Epoch[0] Batch [360-380]	Speed: 1833.54 samples/sec	accuracy=0.012500
2022-05-11 13:39:06,744 Node[0] Epoch[0] Batch [380-400]	Speed: 1827.07 samples/sec	accuracy=0.000000
2022-05-11 13:39:07,096 Node[0] Epoch[0] Batch [400-420]	Speed: 1816.25 samples/sec	accuracy=0.000000
2022-05-11 13:39:07,446 Node[0] Epoch[0] Batch [420-440]	Speed: 1826.58 samples/sec	accuracy=0.000000
2022-05-11 13:39:07,795 Node[0] Epoch[0] Batch [440-460]	Speed: 1834.02 samples/sec	accuracy=0.000000
2022-05-11 13:39:08,298 Node[0] Epoch[0] Batch [460-480]	Speed: 1273.16 samples/sec	accuracy=0.000000
2022-05-11 13:39:08,649 Node[0] Epoch[0] Batch [480-500]	Speed: 1824.93 samples/sec	accuracy=0.000000
2022-05-11 13:39:09,001 Node[0] Epoch[0] Batch [500-520]	Speed: 1814.96 samples/sec	accuracy=0.000000
2022-05-11 13:39:09,352 Node[0] Epoch[0] Batch [520-540]	Speed: 1827.09 samples/sec	accuracy=0.000000
2022-05-11 13:39:09,705 Node[0] Epoch[0] Batch [540-560]	Speed: 1809.87 samples/sec	accuracy=0.000000
2022-05-11 13:39:10,055 Node[0] Epoch[0] Batch [560-580]	Speed: 1827.86 samples/sec	accuracy=0.000000
2022-05-11 13:39:10,409 Node[0] Epoch[0] Batch [580-600]	Speed: 1811.08 samples/sec	accuracy=0.003125
2022-05-11 13:39:10,759 Node[0] Epoch[0] Batch [600-620]	Speed: 1826.20 samples/sec	accuracy=0.000000
2022-05-11 13:39:11,112 Node[0] Epoch[0] Batch [620-640]	Speed: 1816.24 samples/sec	accuracy=0.000000
2022-05-11 13:39:11,460 Node[0] Epoch[0] Batch [640-660]	Speed: 1836.58 samples/sec	accuracy=0.003125
2022-05-11 13:39:11,815 Node[0] Epoch[0] Batch [660-680]	Speed: 1802.21 samples/sec	accuracy=0.000000
2022-05-11 13:39:12,165 Node[0] Epoch[0] Batch [680-700]	Speed: 1827.76 samples/sec	accuracy=0.000000
2022-05-11 13:39:12,518 Node[0] Epoch[0] Batch [700-720]	Speed: 1813.10 samples/sec	accuracy=0.000000
2022-05-11 13:39:12,866 Node[0] Epoch[0] Batch [720-740]	Speed: 1840.59 samples/sec	accuracy=0.003125
2022-05-11 13:39:13,220 Node[0] Epoch[0] Batch [740-760]	Speed: 1809.65 samples/sec	accuracy=0.000000
2022-05-11 13:39:13,569 Node[0] Epoch[0] Batch [760-780]	Speed: 1831.33 samples/sec	accuracy=0.003125
2022-05-11 13:39:13,924 Node[0] Epoch[0] Batch [780-800]	Speed: 1805.58 samples/sec	accuracy=0.000000
2022-05-11 13:39:14,275 Node[0] Epoch[0] Batch [800-820]	Speed: 1819.77 samples/sec	accuracy=0.003125
2022-05-11 13:39:14,626 Node[0] Epoch[0] Batch [820-840]	Speed: 1823.62 samples/sec	accuracy=0.003125
2022-05-11 13:39:14,981 Node[0] Epoch[0] Batch [840-860]	Speed: 1802.36 samples/sec	accuracy=0.000000
2022-05-11 13:39:15,335 Node[0] Epoch[0] Batch [860-880]	Speed: 1811.23 samples/sec	accuracy=0.000000
2022-05-11 13:39:15,686 Node[0] Epoch[0] Batch [880-900]	Speed: 1819.51 samples/sec	accuracy=0.000000
2022-05-11 13:39:16,039 Node[0] Epoch[0] Batch [900-920]	Speed: 1815.43 samples/sec	accuracy=0.003125
2022-05-11 13:39:16,392 Node[0] Epoch[0] Batch [920-940]	Speed: 1813.74 samples/sec	accuracy=0.000000
2022-05-11 13:39:16,759 Node[0] Epoch[0] Batch [940-960]	Speed: 1745.24 samples/sec	accuracy=0.000000
2022-05-11 13:39:17,109 Node[0] Epoch[0] Batch [960-980]	Speed: 1828.75 samples/sec	accuracy=0.000000
2022-05-11 13:39:17,465 Node[0] Epoch[0] Batch [980-1000]	Speed: 1794.47 samples/sec	accuracy=0.003125
2022-05-11 13:39:17,815 Node[0] Epoch[0] Batch [1000-1020]	Speed: 1827.41 samples/sec	accuracy=0.000000
2022-05-11 13:39:18,171 Node[0] Epoch[0] Batch [1020-1040]	Speed: 1801.41 samples/sec	accuracy=0.003125
2022-05-11 13:39:18,525 Node[0] Epoch[0] Batch [1040-1060]	Speed: 1804.58 samples/sec	accuracy=0.000000
2022-05-11 13:39:18,879 Node[0] Epoch[0] Batch [1060-1080]	Speed: 1810.91 samples/sec	accuracy=0.000000
2022-05-11 13:39:19,233 Node[0] Epoch[0] Batch [1080-1100]	Speed: 1807.93 samples/sec	accuracy=0.000000
2022-05-11 13:39:19,594 Node[0] Epoch[0] Batch [1100-1120]	Speed: 1773.48 samples/sec	accuracy=0.000000
2022-05-11 13:39:19,946 Node[0] Epoch[0] Batch [1120-1140]	Speed: 1817.94 samples/sec	accuracy=0.003125
^C^C^C